INFO 2025-03-01 04:57:37,057 autoreload Watching for file changes with StatReloader
INFO 2025-03-01 04:57:41,540 basehttp "GET / HTTP/1.1" 301 0
INFO 2025-03-01 04:57:41,564 basehttp "GET /files/ HTTP/1.1" 200 3722
WARNING 2025-03-01 04:57:42,235 log Not Found: /favicon.ico
WARNING 2025-03-01 04:57:42,235 basehttp "GET /favicon.ico HTTP/1.1" 404 2674
INFO 2025-03-01 04:58:17,461 basehttp "GET /files/download/ HTTP/1.1" 200 6080
INFO 2025-03-01 04:58:19,143 basehttp "GET /files/upload/ HTTP/1.1" 200 15640
INFO 2025-03-01 04:58:19,209 basehttp "GET /files/api/files/ HTTP/1.1" 200 34
INFO 2025-03-01 04:58:22,014 basehttp "GET /files/download/ HTTP/1.1" 200 6080
INFO 2025-03-01 04:58:24,131 basehttp "GET /files/upload/ HTTP/1.1" 200 15640
INFO 2025-03-01 04:58:24,196 basehttp "GET /files/api/files/ HTTP/1.1" 200 34
INFO 2025-03-01 05:15:10,966 cleanup_files ファイル自動削除: 削除対象のファイルはありません
INFO 2025-03-01 05:17:07,080 autoreload Watching for file changes with StatReloader
INFO 2025-03-01 05:17:15,789 basehttp "GET / HTTP/1.1" 301 0
INFO 2025-03-01 05:17:15,806 basehttp "GET /files/ HTTP/1.1" 200 3722
INFO 2025-03-01 05:17:18,408 basehttp "GET /files/download/ HTTP/1.1" 200 6080
INFO 2025-03-01 05:17:19,464 basehttp "GET /files/upload/ HTTP/1.1" 200 15454
INFO 2025-03-01 05:17:19,517 basehttp "GET /files/api/files/ HTTP/1.1" 200 34
INFO 2025-03-01 05:17:20,874 basehttp "GET /files/download/ HTTP/1.1" 200 6080
INFO 2025-03-01 05:17:25,908 basehttp "GET /files/api/files/ HTTP/1.1" 200 34
INFO 2025-03-01 05:26:23,601 autoreload Watching for file changes with StatReloader
INFO 2025-03-01 05:26:48,017 autoreload Watching for file changes with StatReloader
INFO 2025-03-01 05:28:02,250 autoreload C:\Users\ASMA\dev\project-web-1\files\admin.py changed, reloading.
INFO 2025-03-01 05:28:03,116 autoreload Watching for file changes with StatReloader
INFO 2025-03-01 05:28:19,273 autoreload Watching for file changes with StatReloader
ERROR 2025-03-01 05:28:20,919 views ファイルリスト取得エラー: no such table: files_downloadablefile
ERROR 2025-03-01 05:28:20,922 log Internal Server Error: /files/api/files/
ERROR 2025-03-01 05:28:20,923 basehttp "GET /files/api/files/ HTTP/1.1" 500 166
ERROR 2025-03-01 05:28:23,822 log Internal Server Error: /files/download/
Traceback (most recent call last):
  File "C:\Users\ASMA\AppData\Local\Programs\Python\Python312\Lib\site-packages\django\db\backends\utils.py", line 105, in _execute
    return self.cursor.execute(sql, params)
           ^^^^^^^^^^^^^^^^^^^^^^^^^^^^^^^^
  File "C:\Users\ASMA\AppData\Local\Programs\Python\Python312\Lib\site-packages\django\db\backends\sqlite3\base.py", line 354, in execute
    return super().execute(query, params)
           ^^^^^^^^^^^^^^^^^^^^^^^^^^^^^^
sqlite3.OperationalError: no such table: files_downloadablefile

The above exception was the direct cause of the following exception:

Traceback (most recent call last):
  File "C:\Users\ASMA\AppData\Local\Programs\Python\Python312\Lib\site-packages\django\core\handlers\exception.py", line 55, in inner
    response = get_response(request)
               ^^^^^^^^^^^^^^^^^^^^^
  File "C:\Users\ASMA\AppData\Local\Programs\Python\Python312\Lib\site-packages\django\core\handlers\base.py", line 197, in _get_response
    response = wrapped_callback(request, *callback_args, **callback_kwargs)
               ^^^^^^^^^^^^^^^^^^^^^^^^^^^^^^^^^^^^^^^^^^^^^^^^^^^^^^^^^^^^
  File "C:\Users\ASMA\dev\project-web-1\files\views.py", line 29, in download_view
    DownloadableFile.scan_directory()
  File "C:\Users\ASMA\dev\project-web-1\files\models.py", line 56, in scan_directory
    db_files = {f.filepath: f for f in cls.objects.all()}
                                       ^^^^^^^^^^^^^^^^^
  File "C:\Users\ASMA\AppData\Local\Programs\Python\Python312\Lib\site-packages\django\db\models\query.py", line 400, in __iter__
    self._fetch_all()
  File "C:\Users\ASMA\AppData\Local\Programs\Python\Python312\Lib\site-packages\django\db\models\query.py", line 1928, in _fetch_all
    self._result_cache = list(self._iterable_class(self))
                         ^^^^^^^^^^^^^^^^^^^^^^^^^^^^^^^^
  File "C:\Users\ASMA\AppData\Local\Programs\Python\Python312\Lib\site-packages\django\db\models\query.py", line 91, in __iter__
    results = compiler.execute_sql(
              ^^^^^^^^^^^^^^^^^^^^^
  File "C:\Users\ASMA\AppData\Local\Programs\Python\Python312\Lib\site-packages\django\db\models\sql\compiler.py", line 1574, in execute_sql
    cursor.execute(sql, params)
  File "C:\Users\ASMA\AppData\Local\Programs\Python\Python312\Lib\site-packages\django\db\backends\utils.py", line 122, in execute
    return super().execute(sql, params)
           ^^^^^^^^^^^^^^^^^^^^^^^^^^^^
  File "C:\Users\ASMA\AppData\Local\Programs\Python\Python312\Lib\site-packages\django\db\backends\utils.py", line 79, in execute
    return self._execute_with_wrappers(
           ^^^^^^^^^^^^^^^^^^^^^^^^^^^^
  File "C:\Users\ASMA\AppData\Local\Programs\Python\Python312\Lib\site-packages\django\db\backends\utils.py", line 92, in _execute_with_wrappers
    return executor(sql, params, many, context)
           ^^^^^^^^^^^^^^^^^^^^^^^^^^^^^^^^^^^^
  File "C:\Users\ASMA\AppData\Local\Programs\Python\Python312\Lib\site-packages\django\db\backends\utils.py", line 100, in _execute
    with self.db.wrap_database_errors:
         ^^^^^^^^^^^^^^^^^^^^^^^^^^^^
  File "C:\Users\ASMA\AppData\Local\Programs\Python\Python312\Lib\site-packages\django\db\utils.py", line 91, in __exit__
    raise dj_exc_value.with_traceback(traceback) from exc_value
  File "C:\Users\ASMA\AppData\Local\Programs\Python\Python312\Lib\site-packages\django\db\backends\utils.py", line 105, in _execute
    return self.cursor.execute(sql, params)
           ^^^^^^^^^^^^^^^^^^^^^^^^^^^^^^^^
  File "C:\Users\ASMA\AppData\Local\Programs\Python\Python312\Lib\site-packages\django\db\backends\sqlite3\base.py", line 354, in execute
    return super().execute(query, params)
           ^^^^^^^^^^^^^^^^^^^^^^^^^^^^^^
django.db.utils.OperationalError: no such table: files_downloadablefile
ERROR 2025-03-01 05:28:23,828 basehttp "GET /files/download/ HTTP/1.1" 500 137043
INFO 2025-03-01 05:28:42,157 basehttp "GET /files/ HTTP/1.1" 200 3722
ERROR 2025-03-01 05:28:43,873 log Internal Server Error: /files/download/
Traceback (most recent call last):
  File "C:\Users\ASMA\AppData\Local\Programs\Python\Python312\Lib\site-packages\django\db\backends\utils.py", line 105, in _execute
    return self.cursor.execute(sql, params)
           ^^^^^^^^^^^^^^^^^^^^^^^^^^^^^^^^
  File "C:\Users\ASMA\AppData\Local\Programs\Python\Python312\Lib\site-packages\django\db\backends\sqlite3\base.py", line 354, in execute
    return super().execute(query, params)
           ^^^^^^^^^^^^^^^^^^^^^^^^^^^^^^
sqlite3.OperationalError: no such table: files_downloadablefile

The above exception was the direct cause of the following exception:

Traceback (most recent call last):
  File "C:\Users\ASMA\AppData\Local\Programs\Python\Python312\Lib\site-packages\django\core\handlers\exception.py", line 55, in inner
    response = get_response(request)
               ^^^^^^^^^^^^^^^^^^^^^
  File "C:\Users\ASMA\AppData\Local\Programs\Python\Python312\Lib\site-packages\django\core\handlers\base.py", line 197, in _get_response
    response = wrapped_callback(request, *callback_args, **callback_kwargs)
               ^^^^^^^^^^^^^^^^^^^^^^^^^^^^^^^^^^^^^^^^^^^^^^^^^^^^^^^^^^^^
  File "C:\Users\ASMA\dev\project-web-1\files\views.py", line 29, in download_view
    DownloadableFile.scan_directory()
  File "C:\Users\ASMA\dev\project-web-1\files\models.py", line 56, in scan_directory
    db_files = {f.filepath: f for f in cls.objects.all()}
                                       ^^^^^^^^^^^^^^^^^
  File "C:\Users\ASMA\AppData\Local\Programs\Python\Python312\Lib\site-packages\django\db\models\query.py", line 400, in __iter__
    self._fetch_all()
  File "C:\Users\ASMA\AppData\Local\Programs\Python\Python312\Lib\site-packages\django\db\models\query.py", line 1928, in _fetch_all
    self._result_cache = list(self._iterable_class(self))
                         ^^^^^^^^^^^^^^^^^^^^^^^^^^^^^^^^
  File "C:\Users\ASMA\AppData\Local\Programs\Python\Python312\Lib\site-packages\django\db\models\query.py", line 91, in __iter__
    results = compiler.execute_sql(
              ^^^^^^^^^^^^^^^^^^^^^
  File "C:\Users\ASMA\AppData\Local\Programs\Python\Python312\Lib\site-packages\django\db\models\sql\compiler.py", line 1574, in execute_sql
    cursor.execute(sql, params)
  File "C:\Users\ASMA\AppData\Local\Programs\Python\Python312\Lib\site-packages\django\db\backends\utils.py", line 122, in execute
    return super().execute(sql, params)
           ^^^^^^^^^^^^^^^^^^^^^^^^^^^^
  File "C:\Users\ASMA\AppData\Local\Programs\Python\Python312\Lib\site-packages\django\db\backends\utils.py", line 79, in execute
    return self._execute_with_wrappers(
           ^^^^^^^^^^^^^^^^^^^^^^^^^^^^
  File "C:\Users\ASMA\AppData\Local\Programs\Python\Python312\Lib\site-packages\django\db\backends\utils.py", line 92, in _execute_with_wrappers
    return executor(sql, params, many, context)
           ^^^^^^^^^^^^^^^^^^^^^^^^^^^^^^^^^^^^
  File "C:\Users\ASMA\AppData\Local\Programs\Python\Python312\Lib\site-packages\django\db\backends\utils.py", line 100, in _execute
    with self.db.wrap_database_errors:
         ^^^^^^^^^^^^^^^^^^^^^^^^^^^^
  File "C:\Users\ASMA\AppData\Local\Programs\Python\Python312\Lib\site-packages\django\db\utils.py", line 91, in __exit__
    raise dj_exc_value.with_traceback(traceback) from exc_value
  File "C:\Users\ASMA\AppData\Local\Programs\Python\Python312\Lib\site-packages\django\db\backends\utils.py", line 105, in _execute
    return self.cursor.execute(sql, params)
           ^^^^^^^^^^^^^^^^^^^^^^^^^^^^^^^^
  File "C:\Users\ASMA\AppData\Local\Programs\Python\Python312\Lib\site-packages\django\db\backends\sqlite3\base.py", line 354, in execute
    return super().execute(query, params)
           ^^^^^^^^^^^^^^^^^^^^^^^^^^^^^^
django.db.utils.OperationalError: no such table: files_downloadablefile
ERROR 2025-03-01 05:28:43,875 basehttp "GET /files/download/ HTTP/1.1" 500 136899
INFO 2025-03-01 05:28:47,108 basehttp "GET /files/upload/ HTTP/1.1" 200 15454
ERROR 2025-03-01 05:28:47,154 views ファイルリスト取得エラー: no such table: files_downloadablefile
ERROR 2025-03-01 05:28:47,155 log Internal Server Error: /files/api/files/
ERROR 2025-03-01 05:28:47,155 basehttp "GET /files/api/files/ HTTP/1.1" 500 166
ERROR 2025-03-01 05:28:48,669 log Internal Server Error: /files/download/
Traceback (most recent call last):
  File "C:\Users\ASMA\AppData\Local\Programs\Python\Python312\Lib\site-packages\django\db\backends\utils.py", line 105, in _execute
    return self.cursor.execute(sql, params)
           ^^^^^^^^^^^^^^^^^^^^^^^^^^^^^^^^
  File "C:\Users\ASMA\AppData\Local\Programs\Python\Python312\Lib\site-packages\django\db\backends\sqlite3\base.py", line 354, in execute
    return super().execute(query, params)
           ^^^^^^^^^^^^^^^^^^^^^^^^^^^^^^
sqlite3.OperationalError: no such table: files_downloadablefile

The above exception was the direct cause of the following exception:

Traceback (most recent call last):
  File "C:\Users\ASMA\AppData\Local\Programs\Python\Python312\Lib\site-packages\django\core\handlers\exception.py", line 55, in inner
    response = get_response(request)
               ^^^^^^^^^^^^^^^^^^^^^
  File "C:\Users\ASMA\AppData\Local\Programs\Python\Python312\Lib\site-packages\django\core\handlers\base.py", line 197, in _get_response
    response = wrapped_callback(request, *callback_args, **callback_kwargs)
               ^^^^^^^^^^^^^^^^^^^^^^^^^^^^^^^^^^^^^^^^^^^^^^^^^^^^^^^^^^^^
  File "C:\Users\ASMA\dev\project-web-1\files\views.py", line 29, in download_view
    DownloadableFile.scan_directory()
  File "C:\Users\ASMA\dev\project-web-1\files\models.py", line 56, in scan_directory
    db_files = {f.filepath: f for f in cls.objects.all()}
                                       ^^^^^^^^^^^^^^^^^
  File "C:\Users\ASMA\AppData\Local\Programs\Python\Python312\Lib\site-packages\django\db\models\query.py", line 400, in __iter__
    self._fetch_all()
  File "C:\Users\ASMA\AppData\Local\Programs\Python\Python312\Lib\site-packages\django\db\models\query.py", line 1928, in _fetch_all
    self._result_cache = list(self._iterable_class(self))
                         ^^^^^^^^^^^^^^^^^^^^^^^^^^^^^^^^
  File "C:\Users\ASMA\AppData\Local\Programs\Python\Python312\Lib\site-packages\django\db\models\query.py", line 91, in __iter__
    results = compiler.execute_sql(
              ^^^^^^^^^^^^^^^^^^^^^
  File "C:\Users\ASMA\AppData\Local\Programs\Python\Python312\Lib\site-packages\django\db\models\sql\compiler.py", line 1574, in execute_sql
    cursor.execute(sql, params)
  File "C:\Users\ASMA\AppData\Local\Programs\Python\Python312\Lib\site-packages\django\db\backends\utils.py", line 122, in execute
    return super().execute(sql, params)
           ^^^^^^^^^^^^^^^^^^^^^^^^^^^^
  File "C:\Users\ASMA\AppData\Local\Programs\Python\Python312\Lib\site-packages\django\db\backends\utils.py", line 79, in execute
    return self._execute_with_wrappers(
           ^^^^^^^^^^^^^^^^^^^^^^^^^^^^
  File "C:\Users\ASMA\AppData\Local\Programs\Python\Python312\Lib\site-packages\django\db\backends\utils.py", line 92, in _execute_with_wrappers
    return executor(sql, params, many, context)
           ^^^^^^^^^^^^^^^^^^^^^^^^^^^^^^^^^^^^
  File "C:\Users\ASMA\AppData\Local\Programs\Python\Python312\Lib\site-packages\django\db\backends\utils.py", line 100, in _execute
    with self.db.wrap_database_errors:
         ^^^^^^^^^^^^^^^^^^^^^^^^^^^^
  File "C:\Users\ASMA\AppData\Local\Programs\Python\Python312\Lib\site-packages\django\db\utils.py", line 91, in __exit__
    raise dj_exc_value.with_traceback(traceback) from exc_value
  File "C:\Users\ASMA\AppData\Local\Programs\Python\Python312\Lib\site-packages\django\db\backends\utils.py", line 105, in _execute
    return self.cursor.execute(sql, params)
           ^^^^^^^^^^^^^^^^^^^^^^^^^^^^^^^^
  File "C:\Users\ASMA\AppData\Local\Programs\Python\Python312\Lib\site-packages\django\db\backends\sqlite3\base.py", line 354, in execute
    return super().execute(query, params)
           ^^^^^^^^^^^^^^^^^^^^^^^^^^^^^^
django.db.utils.OperationalError: no such table: files_downloadablefile
ERROR 2025-03-01 05:28:48,671 basehttp "GET /files/download/ HTTP/1.1" 500 136906
ERROR 2025-03-01 05:28:55,234 log Internal Server Error: /files/download/
Traceback (most recent call last):
  File "C:\Users\ASMA\AppData\Local\Programs\Python\Python312\Lib\site-packages\django\db\backends\utils.py", line 105, in _execute
    return self.cursor.execute(sql, params)
           ^^^^^^^^^^^^^^^^^^^^^^^^^^^^^^^^
  File "C:\Users\ASMA\AppData\Local\Programs\Python\Python312\Lib\site-packages\django\db\backends\sqlite3\base.py", line 354, in execute
    return super().execute(query, params)
           ^^^^^^^^^^^^^^^^^^^^^^^^^^^^^^
sqlite3.OperationalError: no such table: files_downloadablefile

The above exception was the direct cause of the following exception:

Traceback (most recent call last):
  File "C:\Users\ASMA\AppData\Local\Programs\Python\Python312\Lib\site-packages\django\core\handlers\exception.py", line 55, in inner
    response = get_response(request)
               ^^^^^^^^^^^^^^^^^^^^^
  File "C:\Users\ASMA\AppData\Local\Programs\Python\Python312\Lib\site-packages\django\core\handlers\base.py", line 197, in _get_response
    response = wrapped_callback(request, *callback_args, **callback_kwargs)
               ^^^^^^^^^^^^^^^^^^^^^^^^^^^^^^^^^^^^^^^^^^^^^^^^^^^^^^^^^^^^
  File "C:\Users\ASMA\dev\project-web-1\files\views.py", line 29, in download_view
    DownloadableFile.scan_directory()
  File "C:\Users\ASMA\dev\project-web-1\files\models.py", line 56, in scan_directory
    db_files = {f.filepath: f for f in cls.objects.all()}
                                       ^^^^^^^^^^^^^^^^^
  File "C:\Users\ASMA\AppData\Local\Programs\Python\Python312\Lib\site-packages\django\db\models\query.py", line 400, in __iter__
    self._fetch_all()
  File "C:\Users\ASMA\AppData\Local\Programs\Python\Python312\Lib\site-packages\django\db\models\query.py", line 1928, in _fetch_all
    self._result_cache = list(self._iterable_class(self))
                         ^^^^^^^^^^^^^^^^^^^^^^^^^^^^^^^^
  File "C:\Users\ASMA\AppData\Local\Programs\Python\Python312\Lib\site-packages\django\db\models\query.py", line 91, in __iter__
    results = compiler.execute_sql(
              ^^^^^^^^^^^^^^^^^^^^^
  File "C:\Users\ASMA\AppData\Local\Programs\Python\Python312\Lib\site-packages\django\db\models\sql\compiler.py", line 1574, in execute_sql
    cursor.execute(sql, params)
  File "C:\Users\ASMA\AppData\Local\Programs\Python\Python312\Lib\site-packages\django\db\backends\utils.py", line 122, in execute
    return super().execute(sql, params)
           ^^^^^^^^^^^^^^^^^^^^^^^^^^^^
  File "C:\Users\ASMA\AppData\Local\Programs\Python\Python312\Lib\site-packages\django\db\backends\utils.py", line 79, in execute
    return self._execute_with_wrappers(
           ^^^^^^^^^^^^^^^^^^^^^^^^^^^^
  File "C:\Users\ASMA\AppData\Local\Programs\Python\Python312\Lib\site-packages\django\db\backends\utils.py", line 92, in _execute_with_wrappers
    return executor(sql, params, many, context)
           ^^^^^^^^^^^^^^^^^^^^^^^^^^^^^^^^^^^^
  File "C:\Users\ASMA\AppData\Local\Programs\Python\Python312\Lib\site-packages\django\db\backends\utils.py", line 100, in _execute
    with self.db.wrap_database_errors:
         ^^^^^^^^^^^^^^^^^^^^^^^^^^^^
  File "C:\Users\ASMA\AppData\Local\Programs\Python\Python312\Lib\site-packages\django\db\utils.py", line 91, in __exit__
    raise dj_exc_value.with_traceback(traceback) from exc_value
  File "C:\Users\ASMA\AppData\Local\Programs\Python\Python312\Lib\site-packages\django\db\backends\utils.py", line 105, in _execute
    return self.cursor.execute(sql, params)
           ^^^^^^^^^^^^^^^^^^^^^^^^^^^^^^^^
  File "C:\Users\ASMA\AppData\Local\Programs\Python\Python312\Lib\site-packages\django\db\backends\sqlite3\base.py", line 354, in execute
    return super().execute(query, params)
           ^^^^^^^^^^^^^^^^^^^^^^^^^^^^^^
django.db.utils.OperationalError: no such table: files_downloadablefile
ERROR 2025-03-01 05:28:55,237 basehttp "GET /files/download/ HTTP/1.1" 500 136906
INFO 2025-03-01 05:36:33,355 autoreload Watching for file changes with StatReloader
INFO 2025-03-01 05:36:47,000 basehttp "GET /files/ HTTP/1.1" 200 3722
INFO 2025-03-01 05:36:49,265 basehttp "GET /files/download/ HTTP/1.1" 200 6330
INFO 2025-03-01 05:36:50,821 basehttp "GET /files/upload/ HTTP/1.1" 200 15454
INFO 2025-03-01 05:36:50,867 basehttp "GET /files/api/files/ HTTP/1.1" 200 34
INFO 2025-03-01 05:36:52,821 basehttp "GET /files/download/ HTTP/1.1" 200 6330
INFO 2025-03-01 05:36:57,873 basehttp "GET /files/api/files/ HTTP/1.1" 200 34
INFO 2025-03-01 05:37:22,857 basehttp "GET /files/api/files/ HTTP/1.1" 200 34
INFO 2025-03-01 05:37:50,807 models 新規ファイルを登録: tests
INFO 2025-03-01 05:37:50,814 basehttp "GET /files/download/ HTTP/1.1" 200 6860
INFO 2025-03-01 05:37:53,192 views ファイルダウンロード: tests, ID: 1
INFO 2025-03-01 05:37:53,247 basehttp "GET /files/download/1/ HTTP/1.1" 200 0
INFO 2025-03-01 05:37:55,874 basehttp "GET /files/api/files/ HTTP/1.1" 200 188
INFO 2025-03-01 05:37:59,270 basehttp "GET /files/download/ HTTP/1.1" 200 6861
INFO 2025-03-01 05:37:59,715 basehttp "GET /files/download/ HTTP/1.1" 200 6861
INFO 2025-03-01 05:38:00,085 basehttp "GET /files/download/ HTTP/1.1" 200 6861
INFO 2025-03-01 05:38:00,409 basehttp "GET /files/download/ HTTP/1.1" 200 6861
INFO 2025-03-01 05:38:00,721 basehttp "GET /files/download/ HTTP/1.1" 200 6861
INFO 2025-03-01 05:38:01,062 basehttp "GET /files/download/ HTTP/1.1" 200 6861
INFO 2025-03-01 05:38:01,440 basehttp "GET /files/download/ HTTP/1.1" 200 6861
INFO 2025-03-01 05:38:01,819 basehttp "GET /files/download/ HTTP/1.1" 200 6861
INFO 2025-03-01 05:38:06,849 basehttp "GET /files/api/files/ HTTP/1.1" 200 188
INFO 2025-03-01 05:38:12,818 models 存在しないファイル記録を削除: tests
INFO 2025-03-01 05:38:12,820 basehttp "GET /files/download/ HTTP/1.1" 200 6330
INFO 2025-03-01 05:38:17,868 basehttp "GET /files/api/files/ HTTP/1.1" 200 34
INFO 2025-03-01 05:38:42,851 basehttp "GET /files/api/files/ HTTP/1.1" 200 34
INFO 2025-03-01 05:39:12,865 basehttp "GET /files/api/files/ HTTP/1.1" 200 34
INFO 2025-03-01 05:39:42,846 basehttp "GET /files/api/files/ HTTP/1.1" 200 34
INFO 2025-03-01 05:40:12,851 basehttp "GET /files/api/files/ HTTP/1.1" 200 34
INFO 2025-03-01 05:40:42,864 basehttp "GET /files/api/files/ HTTP/1.1" 200 34
INFO 2025-03-01 05:41:12,848 basehttp "GET /files/api/files/ HTTP/1.1" 200 34
INFO 2025-03-01 05:41:42,852 basehttp "GET /files/api/files/ HTTP/1.1" 200 34
INFO 2025-03-01 05:42:12,857 basehttp "GET /files/api/files/ HTTP/1.1" 200 34
INFO 2025-03-01 05:42:42,863 basehttp "GET /files/api/files/ HTTP/1.1" 200 34
INFO 2025-03-01 05:43:12,849 basehttp "GET /files/api/files/ HTTP/1.1" 200 34
INFO 2025-03-01 05:43:42,855 basehttp "GET /files/api/files/ HTTP/1.1" 200 34
INFO 2025-03-01 05:44:12,859 basehttp "GET /files/api/files/ HTTP/1.1" 200 34
INFO 2025-03-01 05:44:42,849 basehttp "GET /files/api/files/ HTTP/1.1" 200 34
INFO 2025-03-01 05:45:12,857 basehttp "GET /files/api/files/ HTTP/1.1" 200 34
INFO 2025-03-01 05:45:42,858 basehttp "GET /files/api/files/ HTTP/1.1" 200 34
INFO 2025-03-01 05:46:12,849 basehttp "GET /files/api/files/ HTTP/1.1" 200 34
INFO 2025-03-01 05:46:42,844 basehttp "GET /files/api/files/ HTTP/1.1" 200 34
INFO 2025-03-01 05:47:12,858 basehttp "GET /files/api/files/ HTTP/1.1" 200 34
INFO 2025-03-01 05:47:42,850 basehttp "GET /files/api/files/ HTTP/1.1" 200 34
INFO 2025-03-01 05:48:12,860 basehttp "GET /files/api/files/ HTTP/1.1" 200 34
INFO 2025-03-01 05:48:42,851 basehttp "GET /files/api/files/ HTTP/1.1" 200 34
INFO 2025-03-01 05:49:12,850 basehttp "GET /files/api/files/ HTTP/1.1" 200 34
INFO 2025-03-01 05:49:42,861 basehttp "GET /files/api/files/ HTTP/1.1" 200 34
INFO 2025-03-01 05:50:12,841 basehttp "GET /files/api/files/ HTTP/1.1" 200 34
INFO 2025-03-01 05:50:42,852 basehttp "GET /files/api/files/ HTTP/1.1" 200 34
INFO 2025-03-01 05:51:13,134 basehttp "GET /files/api/files/ HTTP/1.1" 200 34
INFO 2025-03-01 05:51:43,139 basehttp "GET /files/api/files/ HTTP/1.1" 200 34
INFO 2025-03-01 05:52:12,854 basehttp "GET /files/api/files/ HTTP/1.1" 200 34
INFO 2025-03-01 05:52:42,860 basehttp "GET /files/api/files/ HTTP/1.1" 200 34
INFO 2025-03-01 05:53:12,855 basehttp "GET /files/api/files/ HTTP/1.1" 200 34
INFO 2025-03-01 05:53:23,651 basehttp "GET /files/upload/ HTTP/1.1" 200 15454
INFO 2025-03-01 05:53:23,727 basehttp "GET /files/api/files/ HTTP/1.1" 200 34
INFO 2025-03-01 05:53:24,508 basehttp "GET /files/download/ HTTP/1.1" 200 6330
INFO 2025-03-01 05:53:25,388 basehttp "GET /files/upload/ HTTP/1.1" 200 15454
INFO 2025-03-01 05:53:25,440 basehttp "GET /files/api/files/ HTTP/1.1" 200 34
INFO 2025-03-01 05:53:25,919 basehttp "GET /files/download/ HTTP/1.1" 200 6330
INFO 2025-03-01 05:53:26,450 basehttp "GET /files/upload/ HTTP/1.1" 200 15454
INFO 2025-03-01 05:53:26,486 basehttp "GET /files/api/files/ HTTP/1.1" 200 34
INFO 2025-03-01 05:53:26,982 basehttp "GET /files/download/ HTTP/1.1" 200 6330
INFO 2025-03-01 05:53:27,528 basehttp "GET /files/upload/ HTTP/1.1" 200 15454
INFO 2025-03-01 05:53:27,572 basehttp "GET /files/api/files/ HTTP/1.1" 200 34
INFO 2025-03-01 05:53:57,570 basehttp "GET /files/api/files/ HTTP/1.1" 200 34
INFO 2025-03-01 05:54:27,570 basehttp "GET /files/api/files/ HTTP/1.1" 200 34
INFO 2025-03-01 05:54:35,685 views ファイルアップロード成功: WindsurfUserSetup-x64-1.3.9.exe, サイズ: 128734856 bytes, 社員コード: 33875875
INFO 2025-03-01 05:54:35,689 basehttp "POST /files/api/upload/ HTTP/1.1" 200 273
INFO 2025-03-01 05:54:35,706 basehttp "GET /files/api/files/ HTTP/1.1" 200 34
INFO 2025-03-01 05:54:39,940 basehttp "GET /files/upload/ HTTP/1.1" 200 15454
INFO 2025-03-01 05:54:39,981 basehttp "GET /files/api/files/ HTTP/1.1" 200 34
INFO 2025-03-01 05:54:42,028 basehttp "GET /files/upload/ HTTP/1.1" 200 15454
INFO 2025-03-01 05:54:42,063 basehttp "GET /files/api/files/ HTTP/1.1" 200 34
INFO 2025-03-01 05:55:12,070 basehttp "GET /files/api/files/ HTTP/1.1" 200 34
INFO 2025-03-01 05:55:42,085 basehttp "GET /files/api/files/ HTTP/1.1" 200 34
INFO 2025-03-01 05:56:12,075 basehttp "GET /files/api/files/ HTTP/1.1" 200 34
INFO 2025-03-01 05:56:42,074 basehttp "GET /files/api/files/ HTTP/1.1" 200 34
INFO 2025-03-01 05:57:12,082 basehttp "GET /files/api/files/ HTTP/1.1" 200 34
INFO 2025-03-01 05:57:42,073 basehttp "GET /files/api/files/ HTTP/1.1" 200 34
INFO 2025-03-01 05:58:12,080 basehttp "GET /files/api/files/ HTTP/1.1" 200 34
INFO 2025-03-01 05:58:42,072 basehttp "GET /files/api/files/ HTTP/1.1" 200 34
INFO 2025-03-01 05:59:12,081 basehttp "GET /files/api/files/ HTTP/1.1" 200 34
INFO 2025-03-01 05:59:42,075 basehttp "GET /files/api/files/ HTTP/1.1" 200 34
INFO 2025-03-01 06:00:12,071 basehttp "GET /files/api/files/ HTTP/1.1" 200 34
INFO 2025-03-01 06:00:42,068 basehttp "GET /files/api/files/ HTTP/1.1" 200 34
INFO 2025-03-01 06:01:12,075 basehttp "GET /files/api/files/ HTTP/1.1" 200 34
INFO 2025-03-01 06:01:42,080 basehttp "GET /files/api/files/ HTTP/1.1" 200 34
INFO 2025-03-01 06:02:12,065 basehttp "GET /files/api/files/ HTTP/1.1" 200 34
INFO 2025-03-01 06:02:42,079 basehttp "GET /files/api/files/ HTTP/1.1" 200 34
INFO 2025-03-01 06:03:12,066 basehttp "GET /files/api/files/ HTTP/1.1" 200 34
INFO 2025-03-01 06:03:42,075 basehttp "GET /files/api/files/ HTTP/1.1" 200 34
INFO 2025-03-01 06:04:12,074 basehttp "GET /files/api/files/ HTTP/1.1" 200 34
INFO 2025-03-01 06:04:42,074 basehttp "GET /files/api/files/ HTTP/1.1" 200 34
INFO 2025-03-01 06:05:12,076 basehttp "GET /files/api/files/ HTTP/1.1" 200 34
INFO 2025-03-01 06:05:42,076 basehttp "GET /files/api/files/ HTTP/1.1" 200 34
INFO 2025-03-01 06:06:12,080 basehttp "GET /files/api/files/ HTTP/1.1" 200 34
INFO 2025-03-01 06:06:42,073 basehttp "GET /files/api/files/ HTTP/1.1" 200 34
INFO 2025-03-01 06:07:12,075 basehttp "GET /files/api/files/ HTTP/1.1" 200 34
INFO 2025-03-01 06:07:42,076 basehttp "GET /files/api/files/ HTTP/1.1" 200 34
INFO 2025-03-01 06:08:12,075 basehttp "GET /files/api/files/ HTTP/1.1" 200 34
INFO 2025-03-01 06:08:42,071 basehttp "GET /files/api/files/ HTTP/1.1" 200 34
INFO 2025-03-01 06:09:12,075 basehttp "GET /files/api/files/ HTTP/1.1" 200 34
INFO 2025-03-01 06:09:42,076 basehttp "GET /files/api/files/ HTTP/1.1" 200 34
INFO 2025-03-01 06:10:12,076 basehttp "GET /files/api/files/ HTTP/1.1" 200 34
INFO 2025-03-01 06:10:42,070 basehttp "GET /files/api/files/ HTTP/1.1" 200 34
INFO 2025-03-01 06:11:12,070 basehttp "GET /files/api/files/ HTTP/1.1" 200 34
INFO 2025-03-01 06:11:42,071 basehttp "GET /files/api/files/ HTTP/1.1" 200 34
INFO 2025-03-01 06:12:12,064 basehttp "GET /files/api/files/ HTTP/1.1" 200 34
INFO 2025-03-01 06:12:42,075 basehttp "GET /files/api/files/ HTTP/1.1" 200 34
INFO 2025-03-01 06:13:12,080 basehttp "GET /files/api/files/ HTTP/1.1" 200 34
INFO 2025-03-01 06:13:42,137 basehttp "GET /files/api/files/ HTTP/1.1" 200 34
INFO 2025-03-01 06:14:12,133 basehttp "GET /files/api/files/ HTTP/1.1" 200 34
INFO 2025-03-01 06:14:42,127 basehttp "GET /files/api/files/ HTTP/1.1" 200 34
INFO 2025-03-01 06:15:14,131 basehttp "GET /files/api/files/ HTTP/1.1" 200 34
INFO 2025-03-01 06:16:14,149 basehttp "GET /files/api/files/ HTTP/1.1" 200 34
INFO 2025-03-01 06:17:14,127 basehttp "GET /files/api/files/ HTTP/1.1" 200 34
INFO 2025-03-01 06:18:14,132 basehttp "GET /files/api/files/ HTTP/1.1" 200 34
INFO 2025-03-01 06:19:14,132 basehttp "GET /files/api/files/ HTTP/1.1" 200 34
INFO 2025-03-01 06:20:14,124 basehttp "GET /files/api/files/ HTTP/1.1" 200 34
INFO 2025-03-01 06:21:14,122 basehttp "GET /files/api/files/ HTTP/1.1" 200 34
INFO 2025-03-01 06:22:14,131 basehttp "GET /files/api/files/ HTTP/1.1" 200 34
INFO 2025-03-01 06:23:14,123 basehttp "GET /files/api/files/ HTTP/1.1" 200 34
INFO 2025-03-01 06:24:14,122 basehttp "GET /files/api/files/ HTTP/1.1" 200 34
INFO 2025-03-01 06:25:14,125 basehttp "GET /files/api/files/ HTTP/1.1" 200 34
INFO 2025-03-01 06:26:14,133 basehttp "GET /files/api/files/ HTTP/1.1" 200 34
INFO 2025-03-01 06:27:14,138 basehttp "GET /files/api/files/ HTTP/1.1" 200 34
INFO 2025-03-01 06:28:14,132 basehttp "GET /files/api/files/ HTTP/1.1" 200 34
INFO 2025-03-01 06:29:14,122 basehttp "GET /files/api/files/ HTTP/1.1" 200 34
INFO 2025-03-01 06:30:14,135 basehttp "GET /files/api/files/ HTTP/1.1" 200 34
INFO 2025-03-01 06:31:14,134 basehttp "GET /files/api/files/ HTTP/1.1" 200 34
INFO 2025-03-01 06:32:14,123 basehttp "GET /files/api/files/ HTTP/1.1" 200 34
INFO 2025-03-01 06:33:14,129 basehttp "GET /files/api/files/ HTTP/1.1" 200 34
INFO 2025-03-01 06:34:02,561 basehttp "GET /files/api/files/ HTTP/1.1" 200 34
INFO 2025-03-01 06:34:12,132 basehttp "GET /files/api/files/ HTTP/1.1" 200 34
INFO 2025-03-01 06:34:42,129 basehttp "GET /files/api/files/ HTTP/1.1" 200 34
INFO 2025-03-01 06:35:14,125 basehttp "GET /files/api/files/ HTTP/1.1" 200 34
INFO 2025-03-01 06:36:14,129 basehttp "GET /files/api/files/ HTTP/1.1" 200 34
INFO 2025-03-01 06:37:14,132 basehttp "GET /files/api/files/ HTTP/1.1" 200 34
INFO 2025-03-01 06:38:14,127 basehttp "GET /files/api/files/ HTTP/1.1" 200 34
INFO 2025-03-01 06:39:14,132 basehttp "GET /files/api/files/ HTTP/1.1" 200 34
INFO 2025-03-01 06:40:14,132 basehttp "GET /files/api/files/ HTTP/1.1" 200 34
INFO 2025-03-01 06:41:14,135 basehttp "GET /files/api/files/ HTTP/1.1" 200 34
INFO 2025-03-01 06:42:14,131 basehttp "GET /files/api/files/ HTTP/1.1" 200 34
INFO 2025-03-01 06:43:14,127 basehttp "GET /files/api/files/ HTTP/1.1" 200 34
INFO 2025-03-01 06:44:14,125 basehttp "GET /files/api/files/ HTTP/1.1" 200 34
INFO 2025-03-01 06:45:14,135 basehttp "GET /files/api/files/ HTTP/1.1" 200 34
INFO 2025-03-01 06:46:14,123 basehttp "GET /files/api/files/ HTTP/1.1" 200 34
INFO 2025-03-01 06:47:14,124 basehttp "GET /files/api/files/ HTTP/1.1" 200 34
INFO 2025-03-01 06:48:14,131 basehttp "GET /files/api/files/ HTTP/1.1" 200 34
INFO 2025-03-01 06:49:14,124 basehttp "GET /files/api/files/ HTTP/1.1" 200 34
INFO 2025-03-01 06:50:14,128 basehttp "GET /files/api/files/ HTTP/1.1" 200 34
INFO 2025-03-01 06:51:14,134 basehttp "GET /files/api/files/ HTTP/1.1" 200 34
INFO 2025-03-01 06:52:14,128 basehttp "GET /files/api/files/ HTTP/1.1" 200 34
INFO 2025-03-01 06:53:14,131 basehttp "GET /files/api/files/ HTTP/1.1" 200 34
INFO 2025-03-01 06:54:14,128 basehttp "GET /files/api/files/ HTTP/1.1" 200 34
INFO 2025-03-01 06:55:14,131 basehttp "GET /files/api/files/ HTTP/1.1" 200 34
INFO 2025-03-01 06:56:14,135 basehttp "GET /files/api/files/ HTTP/1.1" 200 34
INFO 2025-03-01 06:57:14,123 basehttp "GET /files/api/files/ HTTP/1.1" 200 34
INFO 2025-03-01 06:58:14,120 basehttp "GET /files/api/files/ HTTP/1.1" 200 34
INFO 2025-03-01 06:59:14,133 basehttp "GET /files/api/files/ HTTP/1.1" 200 34
INFO 2025-03-01 07:00:14,132 basehttp "GET /files/api/files/ HTTP/1.1" 200 34
INFO 2025-03-01 07:01:14,130 basehttp "GET /files/api/files/ HTTP/1.1" 200 34
INFO 2025-03-01 07:02:14,124 basehttp "GET /files/api/files/ HTTP/1.1" 200 34
INFO 2025-03-01 07:03:14,135 basehttp "GET /files/api/files/ HTTP/1.1" 200 34
INFO 2025-03-01 07:04:14,131 basehttp "GET /files/api/files/ HTTP/1.1" 200 34
INFO 2025-03-01 07:05:14,120 basehttp "GET /files/api/files/ HTTP/1.1" 200 34
INFO 2025-03-01 07:06:14,135 basehttp "GET /files/api/files/ HTTP/1.1" 200 34
INFO 2025-03-01 07:07:14,133 basehttp "GET /files/api/files/ HTTP/1.1" 200 34
INFO 2025-03-01 07:08:14,125 basehttp "GET /files/api/files/ HTTP/1.1" 200 34
INFO 2025-03-01 07:09:14,124 basehttp "GET /files/api/files/ HTTP/1.1" 200 34
INFO 2025-03-01 07:10:14,121 basehttp "GET /files/api/files/ HTTP/1.1" 200 34
INFO 2025-03-01 07:11:14,127 basehttp "GET /files/api/files/ HTTP/1.1" 200 34
INFO 2025-03-01 07:12:14,126 basehttp "GET /files/api/files/ HTTP/1.1" 200 34
INFO 2025-03-01 07:13:14,132 basehttp "GET /files/api/files/ HTTP/1.1" 200 34
INFO 2025-03-01 07:14:14,131 basehttp "GET /files/api/files/ HTTP/1.1" 200 34
INFO 2025-03-01 07:15:14,129 basehttp "GET /files/api/files/ HTTP/1.1" 200 34
INFO 2025-03-01 07:16:14,134 basehttp "GET /files/api/files/ HTTP/1.1" 200 34
INFO 2025-03-01 07:17:14,122 basehttp "GET /files/api/files/ HTTP/1.1" 200 34
INFO 2025-03-01 07:18:14,134 basehttp "GET /files/api/files/ HTTP/1.1" 200 34
INFO 2025-03-01 07:19:14,121 basehttp "GET /files/api/files/ HTTP/1.1" 200 34
INFO 2025-03-01 07:20:14,130 basehttp "GET /files/api/files/ HTTP/1.1" 200 34
INFO 2025-03-01 07:21:14,129 basehttp "GET /files/api/files/ HTTP/1.1" 200 34
INFO 2025-03-01 07:22:14,134 basehttp "GET /files/api/files/ HTTP/1.1" 200 34
INFO 2025-03-01 07:23:14,122 basehttp "GET /files/api/files/ HTTP/1.1" 200 34
INFO 2025-03-01 07:24:14,119 basehttp "GET /files/api/files/ HTTP/1.1" 200 34
INFO 2025-03-01 07:25:14,121 basehttp "GET /files/api/files/ HTTP/1.1" 200 34
INFO 2025-03-01 07:26:14,135 basehttp "GET /files/api/files/ HTTP/1.1" 200 34
INFO 2025-03-01 07:27:14,129 basehttp "GET /files/api/files/ HTTP/1.1" 200 34
INFO 2025-03-01 07:28:14,120 basehttp "GET /files/api/files/ HTTP/1.1" 200 34
INFO 2025-03-01 07:29:14,144 basehttp "GET /files/api/files/ HTTP/1.1" 200 34
INFO 2025-03-01 07:30:14,129 basehttp "GET /files/api/files/ HTTP/1.1" 200 34
INFO 2025-03-01 07:31:14,121 basehttp "GET /files/api/files/ HTTP/1.1" 200 34
INFO 2025-03-01 07:32:14,134 basehttp "GET /files/api/files/ HTTP/1.1" 200 34
INFO 2025-03-01 07:33:14,124 basehttp "GET /files/api/files/ HTTP/1.1" 200 34
INFO 2025-03-01 07:34:11,661 basehttp "GET /files/api/files/ HTTP/1.1" 200 34
INFO 2025-03-01 07:34:42,070 basehttp "GET /files/api/files/ HTTP/1.1" 200 34
INFO 2025-03-01 07:35:12,064 basehttp "GET /files/api/files/ HTTP/1.1" 200 34
INFO 2025-03-01 07:35:42,075 basehttp "GET /files/api/files/ HTTP/1.1" 200 34
INFO 2025-03-01 07:36:12,068 basehttp "GET /files/api/files/ HTTP/1.1" 200 34
INFO 2025-03-01 07:36:42,071 basehttp "GET /files/api/files/ HTTP/1.1" 200 34
INFO 2025-03-01 07:37:12,061 basehttp "GET /files/api/files/ HTTP/1.1" 200 34
INFO 2025-03-01 07:37:42,069 basehttp "GET /files/api/files/ HTTP/1.1" 200 34
INFO 2025-03-01 07:38:12,068 basehttp "GET /files/api/files/ HTTP/1.1" 200 34
INFO 2025-03-01 07:38:42,074 basehttp "GET /files/api/files/ HTTP/1.1" 200 34
INFO 2025-03-01 07:39:12,073 basehttp "GET /files/api/files/ HTTP/1.1" 200 34
INFO 2025-03-01 07:39:42,075 basehttp "GET /files/api/files/ HTTP/1.1" 200 34
INFO 2025-03-01 07:40:12,068 basehttp "GET /files/api/files/ HTTP/1.1" 200 34
INFO 2025-03-01 07:40:42,072 basehttp "GET /files/api/files/ HTTP/1.1" 200 34
INFO 2025-03-01 07:41:12,069 basehttp "GET /files/api/files/ HTTP/1.1" 200 34
INFO 2025-03-01 07:41:42,061 basehttp "GET /files/api/files/ HTTP/1.1" 200 34
INFO 2025-03-01 07:42:12,071 basehttp "GET /files/api/files/ HTTP/1.1" 200 34
INFO 2025-03-01 07:42:42,076 basehttp "GET /files/api/files/ HTTP/1.1" 200 34
INFO 2025-03-01 07:43:12,069 basehttp "GET /files/api/files/ HTTP/1.1" 200 34
INFO 2025-03-01 07:43:42,067 basehttp "GET /files/api/files/ HTTP/1.1" 200 34
INFO 2025-03-01 07:44:12,062 basehttp "GET /files/api/files/ HTTP/1.1" 200 34
INFO 2025-03-01 07:44:42,064 basehttp "GET /files/api/files/ HTTP/1.1" 200 34
INFO 2025-03-01 07:45:12,065 basehttp "GET /files/api/files/ HTTP/1.1" 200 34
INFO 2025-03-01 07:45:42,061 basehttp "GET /files/api/files/ HTTP/1.1" 200 34
INFO 2025-03-01 07:46:12,072 basehttp "GET /files/api/files/ HTTP/1.1" 200 34
INFO 2025-03-01 07:46:42,061 basehttp "GET /files/api/files/ HTTP/1.1" 200 34
INFO 2025-03-01 07:47:12,071 basehttp "GET /files/api/files/ HTTP/1.1" 200 34
INFO 2025-03-01 07:47:42,072 basehttp "GET /files/api/files/ HTTP/1.1" 200 34
INFO 2025-03-01 07:48:12,073 basehttp "GET /files/api/files/ HTTP/1.1" 200 34
INFO 2025-03-01 07:48:42,062 basehttp "GET /files/api/files/ HTTP/1.1" 200 34
INFO 2025-03-01 07:49:12,062 basehttp "GET /files/api/files/ HTTP/1.1" 200 34
INFO 2025-03-01 07:49:42,076 basehttp "GET /files/api/files/ HTTP/1.1" 200 34
INFO 2025-03-01 07:50:12,066 basehttp "GET /files/api/files/ HTTP/1.1" 200 34
INFO 2025-03-01 07:50:42,068 basehttp "GET /files/api/files/ HTTP/1.1" 200 34
INFO 2025-03-01 07:51:12,068 basehttp "GET /files/api/files/ HTTP/1.1" 200 34
INFO 2025-03-01 07:51:42,070 basehttp "GET /files/api/files/ HTTP/1.1" 200 34
INFO 2025-03-01 07:52:12,062 basehttp "GET /files/api/files/ HTTP/1.1" 200 34
INFO 2025-03-01 07:52:42,072 basehttp "GET /files/api/files/ HTTP/1.1" 200 34
INFO 2025-03-01 07:53:12,077 basehttp "GET /files/api/files/ HTTP/1.1" 200 34
INFO 2025-03-01 07:53:42,064 basehttp "GET /files/api/files/ HTTP/1.1" 200 34
INFO 2025-03-01 07:54:12,070 basehttp "GET /files/api/files/ HTTP/1.1" 200 34
INFO 2025-03-01 07:54:42,064 basehttp "GET /files/api/files/ HTTP/1.1" 200 34
INFO 2025-03-01 07:55:12,068 basehttp "GET /files/api/files/ HTTP/1.1" 200 34
INFO 2025-03-01 07:55:42,074 basehttp "GET /files/api/files/ HTTP/1.1" 200 34
INFO 2025-03-01 07:56:12,066 basehttp "GET /files/api/files/ HTTP/1.1" 200 34
INFO 2025-03-01 07:56:42,070 basehttp "GET /files/api/files/ HTTP/1.1" 200 34
INFO 2025-03-01 07:57:12,071 basehttp "GET /files/api/files/ HTTP/1.1" 200 34
INFO 2025-03-01 07:57:42,066 basehttp "GET /files/api/files/ HTTP/1.1" 200 34
INFO 2025-03-01 07:58:12,061 basehttp "GET /files/api/files/ HTTP/1.1" 200 34
INFO 2025-03-01 07:58:42,068 basehttp "GET /files/api/files/ HTTP/1.1" 200 34
INFO 2025-03-01 07:59:12,071 basehttp "GET /files/api/files/ HTTP/1.1" 200 34
INFO 2025-03-01 07:59:42,068 basehttp "GET /files/api/files/ HTTP/1.1" 200 34
INFO 2025-03-01 08:00:12,065 basehttp "GET /files/api/files/ HTTP/1.1" 200 34
INFO 2025-03-01 08:00:42,062 basehttp "GET /files/api/files/ HTTP/1.1" 200 34
INFO 2025-03-01 08:01:12,064 basehttp "GET /files/api/files/ HTTP/1.1" 200 34
INFO 2025-03-01 08:01:42,076 basehttp "GET /files/api/files/ HTTP/1.1" 200 34
INFO 2025-03-01 08:02:12,071 basehttp "GET /files/api/files/ HTTP/1.1" 200 34
INFO 2025-03-01 08:02:42,274 basehttp "GET /files/api/files/ HTTP/1.1" 200 34
INFO 2025-03-01 08:03:12,073 basehttp "GET /files/api/files/ HTTP/1.1" 200 34
INFO 2025-03-01 08:03:42,078 basehttp "GET /files/api/files/ HTTP/1.1" 200 34
INFO 2025-03-01 08:04:12,069 basehttp "GET /files/api/files/ HTTP/1.1" 200 34
INFO 2025-03-01 08:04:42,070 basehttp "GET /files/api/files/ HTTP/1.1" 200 34
INFO 2025-03-01 08:05:12,067 basehttp "GET /files/api/files/ HTTP/1.1" 200 34
INFO 2025-03-01 08:05:42,071 basehttp "GET /files/api/files/ HTTP/1.1" 200 34
INFO 2025-03-01 08:06:12,067 basehttp "GET /files/api/files/ HTTP/1.1" 200 34
INFO 2025-03-01 08:06:42,071 basehttp "GET /files/api/files/ HTTP/1.1" 200 34
INFO 2025-03-01 08:07:12,078 basehttp "GET /files/api/files/ HTTP/1.1" 200 34
INFO 2025-03-01 08:07:42,068 basehttp "GET /files/api/files/ HTTP/1.1" 200 34
INFO 2025-03-01 08:08:12,067 basehttp "GET /files/api/files/ HTTP/1.1" 200 34
INFO 2025-03-01 08:08:42,079 basehttp "GET /files/api/files/ HTTP/1.1" 200 34
INFO 2025-03-01 08:09:12,073 basehttp "GET /files/api/files/ HTTP/1.1" 200 34
INFO 2025-03-01 08:09:42,075 basehttp "GET /files/api/files/ HTTP/1.1" 200 34
INFO 2025-03-01 08:10:12,072 basehttp "GET /files/api/files/ HTTP/1.1" 200 34
INFO 2025-03-01 08:10:42,072 basehttp "GET /files/api/files/ HTTP/1.1" 200 34
INFO 2025-03-01 08:11:12,080 basehttp "GET /files/api/files/ HTTP/1.1" 200 34
INFO 2025-03-01 08:11:42,064 basehttp "GET /files/api/files/ HTTP/1.1" 200 34
INFO 2025-03-01 08:12:12,078 basehttp "GET /files/api/files/ HTTP/1.1" 200 34
INFO 2025-03-01 08:12:42,076 basehttp "GET /files/api/files/ HTTP/1.1" 200 34
INFO 2025-03-01 08:13:12,078 basehttp "GET /files/api/files/ HTTP/1.1" 200 34
INFO 2025-03-01 08:13:42,069 basehttp "GET /files/api/files/ HTTP/1.1" 200 34
INFO 2025-03-01 08:14:12,080 basehttp "GET /files/api/files/ HTTP/1.1" 200 34
INFO 2025-03-01 08:14:42,071 basehttp "GET /files/api/files/ HTTP/1.1" 200 34
INFO 2025-03-01 08:15:12,074 basehttp "GET /files/api/files/ HTTP/1.1" 200 34
INFO 2025-03-01 08:15:42,077 basehttp "GET /files/api/files/ HTTP/1.1" 200 34
INFO 2025-03-01 08:16:12,073 basehttp "GET /files/api/files/ HTTP/1.1" 200 34
INFO 2025-03-01 08:16:42,079 basehttp "GET /files/api/files/ HTTP/1.1" 200 34
INFO 2025-03-01 08:17:12,069 basehttp "GET /files/api/files/ HTTP/1.1" 200 34
INFO 2025-03-01 08:17:42,078 basehttp "GET /files/api/files/ HTTP/1.1" 200 34
INFO 2025-03-01 08:18:12,080 basehttp "GET /files/api/files/ HTTP/1.1" 200 34
INFO 2025-03-01 08:18:42,064 basehttp "GET /files/api/files/ HTTP/1.1" 200 34
INFO 2025-03-01 08:19:12,071 basehttp "GET /files/api/files/ HTTP/1.1" 200 34
INFO 2025-03-01 08:19:42,067 basehttp "GET /files/api/files/ HTTP/1.1" 200 34
INFO 2025-03-01 08:20:12,080 basehttp "GET /files/api/files/ HTTP/1.1" 200 34
INFO 2025-03-01 08:20:42,069 basehttp "GET /files/api/files/ HTTP/1.1" 200 34
INFO 2025-03-01 08:21:12,078 basehttp "GET /files/api/files/ HTTP/1.1" 200 34
INFO 2025-03-01 08:21:42,075 basehttp "GET /files/api/files/ HTTP/1.1" 200 34
INFO 2025-03-01 08:22:12,078 basehttp "GET /files/api/files/ HTTP/1.1" 200 34
INFO 2025-03-01 08:22:42,071 basehttp "GET /files/api/files/ HTTP/1.1" 200 34
INFO 2025-03-01 08:23:12,079 basehttp "GET /files/api/files/ HTTP/1.1" 200 34
INFO 2025-03-01 08:23:42,074 basehttp "GET /files/api/files/ HTTP/1.1" 200 34
INFO 2025-03-01 08:24:12,067 basehttp "GET /files/api/files/ HTTP/1.1" 200 34
INFO 2025-03-01 08:24:42,077 basehttp "GET /files/api/files/ HTTP/1.1" 200 34
INFO 2025-03-01 08:25:12,073 basehttp "GET /files/api/files/ HTTP/1.1" 200 34
INFO 2025-03-01 08:25:42,071 basehttp "GET /files/api/files/ HTTP/1.1" 200 34
INFO 2025-03-01 08:26:12,081 basehttp "GET /files/api/files/ HTTP/1.1" 200 34
INFO 2025-03-01 08:26:42,081 basehttp "GET /files/api/files/ HTTP/1.1" 200 34
INFO 2025-03-01 08:27:12,073 basehttp "GET /files/api/files/ HTTP/1.1" 200 34
INFO 2025-03-01 08:27:42,077 basehttp "GET /files/api/files/ HTTP/1.1" 200 34
INFO 2025-03-01 08:28:12,065 basehttp "GET /files/api/files/ HTTP/1.1" 200 34
INFO 2025-03-01 08:28:42,071 basehttp "GET /files/api/files/ HTTP/1.1" 200 34
INFO 2025-03-01 08:29:12,076 basehttp "GET /files/api/files/ HTTP/1.1" 200 34
INFO 2025-03-01 08:29:42,074 basehttp "GET /files/api/files/ HTTP/1.1" 200 34
INFO 2025-03-01 08:30:12,070 basehttp "GET /files/api/files/ HTTP/1.1" 200 34
INFO 2025-03-01 08:30:42,077 basehttp "GET /files/api/files/ HTTP/1.1" 200 34
INFO 2025-03-01 08:31:12,078 basehttp "GET /files/api/files/ HTTP/1.1" 200 34
INFO 2025-03-01 08:31:42,076 basehttp "GET /files/api/files/ HTTP/1.1" 200 34
INFO 2025-03-01 08:32:12,067 basehttp "GET /files/api/files/ HTTP/1.1" 200 34
INFO 2025-03-01 08:32:42,073 basehttp "GET /files/api/files/ HTTP/1.1" 200 34
INFO 2025-03-01 08:33:12,076 basehttp "GET /files/api/files/ HTTP/1.1" 200 34
INFO 2025-03-01 08:33:42,064 basehttp "GET /files/api/files/ HTTP/1.1" 200 34
INFO 2025-03-01 08:33:42,448 basehttp "GET /files/download/ HTTP/1.1" 200 6330
INFO 2025-03-01 08:33:47,520 basehttp "GET /files/api/files/ HTTP/1.1" 200 34
INFO 2025-03-01 08:34:12,520 basehttp "GET /files/api/files/ HTTP/1.1" 200 34
INFO 2025-03-01 08:34:24,942 basehttp "GET /files/upload/ HTTP/1.1" 200 15454
INFO 2025-03-01 08:34:24,977 basehttp "GET /files/api/files/ HTTP/1.1" 200 34
INFO 2025-03-01 08:34:45,534 basehttp "GET /files/download/ HTTP/1.1" 200 6330
INFO 2025-03-01 08:34:50,564 basehttp "GET /files/api/files/ HTTP/1.1" 200 34
INFO 2025-03-01 08:34:58,307 basehttp "GET /files/download/ HTTP/1.1" 200 6330
INFO 2025-03-01 08:34:59,729 basehttp "GET /files/download/ HTTP/1.1" 200 6330
INFO 2025-03-01 08:35:04,763 basehttp "GET /files/api/files/ HTTP/1.1" 200 34
INFO 2025-03-01 08:35:09,996 models 新規ファイルを登録: ｙｇｙｓｄ
INFO 2025-03-01 08:35:09,999 basehttp "GET /files/download/ HTTP/1.1" 200 6870
INFO 2025-03-01 08:35:15,040 basehttp "GET /files/api/files/ HTTP/1.1" 200 197
INFO 2025-03-01 08:35:40,035 basehttp "GET /files/api/files/ HTTP/1.1" 200 197
INFO 2025-03-01 08:36:10,026 basehttp "GET /files/api/files/ HTTP/1.1" 200 197
INFO 2025-03-01 08:36:12,823 models 存在しないファイル記録を削除: ｙｇｙｓｄ
INFO 2025-03-01 08:36:12,824 basehttp "GET /files/download/ HTTP/1.1" 200 6330
INFO 2025-03-01 08:36:17,877 basehttp "GET /files/api/files/ HTTP/1.1" 200 34
INFO 2025-03-01 08:36:42,873 basehttp "GET /files/api/files/ HTTP/1.1" 200 34
INFO 2025-03-01 08:37:12,873 basehttp "GET /files/api/files/ HTTP/1.1" 200 34
INFO 2025-03-01 09:46:01,896 autoreload Watching for file changes with StatReloader
INFO 2025-03-01 09:46:57,100 basehttp "GET / HTTP/1.1" 301 0
INFO 2025-03-01 09:46:57,114 basehttp "GET /files/ HTTP/1.1" 200 3722
WARNING 2025-03-01 09:46:57,281 log Not Found: /favicon.ico
WARNING 2025-03-01 09:46:57,281 basehttp "GET /favicon.ico HTTP/1.1" 404 2674
INFO 2025-03-01 09:46:59,480 basehttp "GET /files/download/ HTTP/1.1" 200 6330
INFO 2025-03-01 09:47:00,818 basehttp "GET /files/upload/ HTTP/1.1" 200 15454
INFO 2025-03-01 09:47:00,847 basehttp "GET /files/api/files/ HTTP/1.1" 200 34
INFO 2025-03-01 09:47:02,624 basehttp "GET /files/download/ HTTP/1.1" 200 6330
INFO 2025-03-01 09:47:04,351 basehttp "GET /files/upload/ HTTP/1.1" 200 15454
INFO 2025-03-01 09:47:04,371 basehttp "GET /files/api/files/ HTTP/1.1" 200 34
INFO 2025-03-01 09:47:05,500 basehttp "GET /files/download/ HTTP/1.1" 200 6330
INFO 2025-03-01 09:47:06,280 basehttp "GET /files/upload/ HTTP/1.1" 200 15454
INFO 2025-03-01 09:47:06,300 basehttp "GET /files/api/files/ HTTP/1.1" 200 34
INFO 2025-03-01 09:47:12,544 basehttp "GET /files/download/ HTTP/1.1" 200 6330
INFO 2025-03-01 09:47:13,432 basehttp "GET /files/upload/ HTTP/1.1" 200 15454
INFO 2025-03-01 09:47:13,453 basehttp "GET /files/api/files/ HTTP/1.1" 200 34
INFO 2025-03-01 09:47:43,467 basehttp "GET /files/api/files/ HTTP/1.1" 200 34
INFO 2025-03-01 09:48:13,464 basehttp "GET /files/api/files/ HTTP/1.1" 200 34
INFO 2025-03-01 09:48:21,719 autoreload Watching for file changes with StatReloader
INFO 2025-03-01 09:48:40,465 basehttp "GET /files/upload/ HTTP/1.1" 200 15454
INFO 2025-03-01 09:48:40,491 basehttp "GET /files/api/files/ HTTP/1.1" 200 34
INFO 2025-03-01 09:48:41,517 basehttp "GET /files/download/ HTTP/1.1" 200 6330
INFO 2025-03-01 09:48:42,504 basehttp "GET /files/upload/ HTTP/1.1" 200 15454
INFO 2025-03-01 09:48:42,525 basehttp "GET /files/api/files/ HTTP/1.1" 200 34
INFO 2025-03-01 09:49:06,235 views ファイルアップロード成功: 202501.pdf, サイズ: 5655 bytes, 社員コード: 30049742
INFO 2025-03-01 09:49:06,239 basehttp "POST /files/api/upload/ HTTP/1.1" 200 247
INFO 2025-03-01 09:49:06,246 basehttp "GET /files/api/files/ HTTP/1.1" 200 34
INFO 2025-03-01 09:49:12,529 basehttp "GET /files/api/files/ HTTP/1.1" 200 34
INFO 2025-03-01 09:49:12,639 basehttp "GET /files/download/ HTTP/1.1" 200 6330
INFO 2025-03-01 09:49:13,497 basehttp "GET /files/upload/ HTTP/1.1" 200 15454
INFO 2025-03-01 09:49:13,516 basehttp "GET /files/api/files/ HTTP/1.1" 200 34
INFO 2025-03-01 09:49:43,531 basehttp "GET /files/api/files/ HTTP/1.1" 200 34
INFO 2025-03-01 10:41:33,122 autoreload Watching for file changes with StatReloader
INFO 2025-03-01 10:41:42,819 basehttp "GET /files/upload/ HTTP/1.1" 200 15644
INFO 2025-03-01 10:41:42,854 basehttp "GET /files/api/files/ HTTP/1.1" 200 34
INFO 2025-03-01 10:41:44,901 basehttp "GET /files/download/ HTTP/1.1" 200 6520
INFO 2025-03-01 10:41:46,257 basehttp "GET /files/upload/ HTTP/1.1" 200 15644
INFO 2025-03-01 10:41:46,278 basehttp "GET /files/api/files/ HTTP/1.1" 200 34
INFO 2025-03-01 10:42:07,730 basehttp "GET /files/download/ HTTP/1.1" 200 6520
INFO 2025-03-01 10:42:12,761 basehttp "GET /files/api/files/ HTTP/1.1" 200 34
INFO 2025-03-01 10:59:54,542 autoreload Watching for file changes with StatReloader
INFO 2025-03-01 11:00:07,758 basehttp "GET /files/api/files/ HTTP/1.1" 200 34
INFO 2025-03-01 11:08:52,317 autoreload Watching for file changes with StatReloader
INFO 2025-03-01 11:08:55,608 basehttp "GET /files/download/ HTTP/1.1" 200 9723
INFO 2025-03-01 11:08:56,801 basehttp "GET /files/upload/ HTTP/1.1" 200 15644
INFO 2025-03-01 11:08:56,822 basehttp "GET /files/api/files/ HTTP/1.1" 200 34
INFO 2025-03-01 11:08:57,673 basehttp "GET /files/download/ HTTP/1.1" 200 9723
INFO 2025-03-01 11:09:02,703 basehttp "GET /files/api/files/ HTTP/1.1" 200 34
INFO 2025-03-01 11:09:27,722 models 新規ファイルを登録: test.txt
INFO 2025-03-01 11:09:27,723 basehttp "GET /files/api/files/ HTTP/1.1" 200 175
INFO 2025-03-01 11:09:43,397 views ファイルダウンロード: test.txt, ID: 3, 社員コード: 30049742
INFO 2025-03-01 11:09:43,444 basehttp "GET /files/download/3/?employee_code=30049742 HTTP/1.1" 200 9
INFO 2025-03-01 11:09:57,691 basehttp "GET /files/api/files/ HTTP/1.1" 200 191
INFO 2025-03-01 11:09:58,092 basehttp "GET /files/upload/ HTTP/1.1" 200 15644
INFO 2025-03-01 11:09:58,114 basehttp "GET /files/api/files/ HTTP/1.1" 200 191
INFO 2025-03-01 11:14:03,372 autoreload Watching for file changes with StatReloader
INFO 2025-03-01 11:17:04,576 autoreload Watching for file changes with StatReloader
INFO 2025-03-01 11:17:28,111 basehttp "GET /files/upload/ HTTP/1.1" 200 12968
INFO 2025-03-01 11:17:28,134 basehttp - Broken pipe from ('127.0.0.1', 55139)
INFO 2025-03-01 11:17:29,243 basehttp "GET /files/download/ HTTP/1.1" 200 10296
INFO 2025-03-01 11:17:31,086 basehttp "GET /files/upload/ HTTP/1.1" 200 12968
INFO 2025-03-01 11:17:31,887 basehttp "GET /files/download/ HTTP/1.1" 200 10296
INFO 2025-03-01 11:17:36,914 basehttp "GET /files/api/files/ HTTP/1.1" 200 191
INFO 2025-03-01 11:18:01,909 basehttp "GET /files/api/files/ HTTP/1.1" 200 191
INFO 2025-03-01 11:18:31,904 basehttp "GET /files/api/files/ HTTP/1.1" 200 191
INFO 2025-03-01 11:19:01,917 basehttp "GET /files/api/files/ HTTP/1.1" 200 191
INFO 2025-03-01 11:19:03,498 basehttp "GET /files/download/ HTTP/1.1" 200 10296
INFO 2025-03-01 11:19:06,346 basehttp "GET /files/download/ HTTP/1.1" 200 10296
INFO 2025-03-01 11:19:06,911 basehttp "GET /files/download/ HTTP/1.1" 200 10296
INFO 2025-03-01 11:19:11,941 basehttp "GET /files/api/files/ HTTP/1.1" 200 191
INFO 2025-03-01 11:19:18,241 basehttp "GET /files/upload/ HTTP/1.1" 200 12968
INFO 2025-03-01 11:19:19,029 basehttp "GET /files/download/ HTTP/1.1" 200 10283
INFO 2025-03-01 11:19:24,059 basehttp "GET /files/api/files/ HTTP/1.1" 200 191
INFO 2025-03-01 11:19:26,340 basehttp "GET /files/download/ HTTP/1.1" 200 10283
INFO 2025-03-01 11:19:31,374 basehttp "GET /files/api/files/ HTTP/1.1" 200 191
INFO 2025-03-01 11:19:45,746 autoreload Watching for file changes with StatReloader
INFO 2025-03-01 11:20:18,308 autoreload Watching for file changes with StatReloader
INFO 2025-03-01 11:20:21,499 basehttp "GET /files/upload/ HTTP/1.1" 200 12968
INFO 2025-03-01 11:20:22,377 basehttp "GET /files/download/ HTTP/1.1" 200 10283
INFO 2025-03-01 11:20:23,387 basehttp "GET /files/upload/ HTTP/1.1" 200 12968
INFO 2025-03-01 11:25:42,634 basehttp "GET /files/download/ HTTP/1.1" 200 10283
INFO 2025-03-01 11:25:43,733 basehttp "GET /files/upload/ HTTP/1.1" 200 12968
INFO 2025-03-01 11:25:45,318 basehttp "GET /files/upload/ HTTP/1.1" 200 12968
INFO 2025-03-01 11:25:46,545 basehttp "GET /files/upload/ HTTP/1.1" 200 12968
INFO 2025-03-01 11:25:47,047 basehttp "GET /files/upload/ HTTP/1.1" 200 12968
INFO 2025-03-01 11:25:47,888 basehttp "GET /files/download/ HTTP/1.1" 200 10283
INFO 2025-03-01 11:25:48,529 basehttp "GET /files/upload/ HTTP/1.1" 200 12968
INFO 2025-03-01 11:27:00,960 views ファイルアップロード成功: 202501.pdf, サイズ: 5655 bytes, 社員コード: 30049742
INFO 2025-03-01 11:27:00,964 basehttp "POST /files/api/upload/ HTTP/1.1" 200 247
INFO 2025-03-01 11:27:14,358 basehttp "GET /files/download/ HTTP/1.1" 200 10283
INFO 2025-03-01 11:27:15,045 basehttp "GET /files/upload/ HTTP/1.1" 200 12968
INFO 2025-03-01 11:27:15,795 basehttp "GET /files/download/ HTTP/1.1" 200 10283
INFO 2025-03-01 11:27:16,492 basehttp "GET /files/upload/ HTTP/1.1" 200 12968
INFO 2025-03-01 11:27:17,156 basehttp "GET /files/upload/ HTTP/1.1" 200 12968
INFO 2025-03-01 11:27:17,805 basehttp "GET /files/upload/ HTTP/1.1" 200 12968
INFO 2025-03-01 11:27:18,037 basehttp "GET /files/upload/ HTTP/1.1" 200 12968
INFO 2025-03-01 11:27:18,228 basehttp "GET /files/upload/ HTTP/1.1" 200 12968
INFO 2025-03-01 11:27:18,405 basehttp "GET /files/upload/ HTTP/1.1" 200 12968
INFO 2025-03-01 11:27:55,666 autoreload Watching for file changes with StatReloader
INFO 2025-03-01 11:28:06,500 basehttp "GET / HTTP/1.1" 301 0
INFO 2025-03-01 11:28:06,511 basehttp "GET /files/ HTTP/1.1" 200 3912
INFO 2025-03-01 11:28:09,337 basehttp "GET /files/upload/ HTTP/1.1" 200 16485
INFO 2025-03-01 11:28:10,999 basehttp "GET /files/download/ HTTP/1.1" 200 10283
INFO 2025-03-01 11:28:12,183 basehttp "GET /files/upload/ HTTP/1.1" 200 16485
INFO 2025-03-01 11:28:13,035 basehttp "GET /files/download/ HTTP/1.1" 200 10283
INFO 2025-03-01 11:28:18,059 basehttp "GET /files/api/files/ HTTP/1.1" 200 191
INFO 2025-03-01 11:28:18,964 basehttp "GET /files/upload/ HTTP/1.1" 200 16485
INFO 2025-03-01 11:28:30,960 views ファイルアップロード成功: 202502.pdf, サイズ: 5739 bytes, 社員コード: 30049742
INFO 2025-03-01 11:28:30,964 basehttp "POST /files/api/upload/ HTTP/1.1" 200 247
INFO 2025-03-01 11:28:37,687 basehttp "GET /files/download/ HTTP/1.1" 200 10283
INFO 2025-03-01 11:28:38,408 basehttp "GET /files/upload/ HTTP/1.1" 200 16485
INFO 2025-03-01 11:28:39,542 basehttp "GET /files/download/ HTTP/1.1" 200 10283
INFO 2025-03-01 11:28:40,008 basehttp "GET /files/upload/ HTTP/1.1" 200 16485
INFO 2025-03-01 11:28:57,318 views ファイルアップロード成功: 202501.pdf, サイズ: 5655 bytes, 社員コード: 30049742
INFO 2025-03-01 11:28:57,322 basehttp "POST /files/api/upload/ HTTP/1.1" 200 247
INFO 2025-03-01 11:29:01,072 basehttp "GET /files/download/ HTTP/1.1" 200 10283
INFO 2025-03-01 11:29:01,738 basehttp "GET /files/upload/ HTTP/1.1" 200 16485
INFO 2025-03-01 11:37:10,076 basehttp "GET /files/download/ HTTP/1.1" 200 10283
INFO 2025-03-01 11:37:15,115 basehttp "GET /files/api/files/ HTTP/1.1" 200 191
INFO 2025-03-01 11:37:40,106 basehttp "GET /files/api/files/ HTTP/1.1" 200 191
INFO 2025-03-01 11:38:10,114 basehttp "GET /files/api/files/ HTTP/1.1" 200 191
INFO 2025-03-01 11:38:40,118 basehttp "GET /files/api/files/ HTTP/1.1" 200 191
INFO 2025-03-01 11:38:46,797 basehttp "GET /files/upload/ HTTP/1.1" 200 16485
INFO 2025-03-01 11:38:47,816 basehttp "GET /files/download/ HTTP/1.1" 200 10283
INFO 2025-03-01 11:38:52,847 basehttp "GET /files/api/files/ HTTP/1.1" 200 191
INFO 2025-03-01 11:39:17,837 basehttp "GET /files/api/files/ HTTP/1.1" 200 191
INFO 2025-03-01 11:39:41,013 basehttp "GET /files/upload/ HTTP/1.1" 200 16485
INFO 2025-03-01 11:39:43,309 basehttp "GET /files/download/ HTTP/1.1" 200 10283
INFO 2025-03-01 11:39:44,151 basehttp "GET /files/upload/ HTTP/1.1" 200 16485
INFO 2025-03-01 11:40:00,308 basehttp "GET /files/ HTTP/1.1" 200 3912
INFO 2025-03-01 11:40:04,100 basehttp "GET /files/download/ HTTP/1.1" 200 10283
INFO 2025-03-01 11:40:09,119 basehttp "GET /files/api/files/ HTTP/1.1" 200 191
INFO 2025-03-01 11:40:34,130 basehttp "GET /files/api/files/ HTTP/1.1" 200 191
INFO 2025-03-01 11:41:04,115 basehttp "GET /files/api/files/ HTTP/1.1" 200 191
INFO 2025-03-01 11:41:34,120 basehttp "GET /files/api/files/ HTTP/1.1" 200 191
INFO 2025-03-01 11:42:04,124 basehttp "GET /files/api/files/ HTTP/1.1" 200 191
INFO 2025-03-01 11:42:34,122 basehttp "GET /files/api/files/ HTTP/1.1" 200 191
INFO 2025-03-01 11:43:04,126 basehttp "GET /files/api/files/ HTTP/1.1" 200 191
INFO 2025-03-01 11:43:34,120 basehttp "GET /files/api/files/ HTTP/1.1" 200 191
INFO 2025-03-01 11:44:04,117 basehttp "GET /files/api/files/ HTTP/1.1" 200 191
INFO 2025-03-01 11:44:34,123 basehttp "GET /files/api/files/ HTTP/1.1" 200 191
INFO 2025-03-01 11:45:04,122 basehttp "GET /files/api/files/ HTTP/1.1" 200 191
INFO 2025-03-01 11:45:34,120 basehttp "GET /files/api/files/ HTTP/1.1" 200 191
INFO 2025-03-01 11:46:04,118 basehttp "GET /files/api/files/ HTTP/1.1" 200 191
INFO 2025-03-01 11:46:34,119 basehttp "GET /files/api/files/ HTTP/1.1" 200 191
INFO 2025-03-01 11:47:04,131 basehttp "GET /files/api/files/ HTTP/1.1" 200 191
INFO 2025-03-01 11:47:34,120 basehttp "GET /files/api/files/ HTTP/1.1" 200 191
INFO 2025-03-01 11:48:04,115 basehttp "GET /files/api/files/ HTTP/1.1" 200 191
INFO 2025-03-01 11:48:34,129 basehttp "GET /files/api/files/ HTTP/1.1" 200 191
INFO 2025-03-01 11:49:04,119 basehttp "GET /files/api/files/ HTTP/1.1" 200 191
INFO 2025-03-01 11:49:34,115 basehttp "GET /files/api/files/ HTTP/1.1" 200 191
INFO 2025-03-01 11:50:04,130 basehttp "GET /files/api/files/ HTTP/1.1" 200 191
INFO 2025-03-01 11:50:34,128 basehttp "GET /files/api/files/ HTTP/1.1" 200 191
INFO 2025-03-01 11:51:04,124 basehttp "GET /files/api/files/ HTTP/1.1" 200 191
INFO 2025-03-01 11:51:34,124 basehttp "GET /files/api/files/ HTTP/1.1" 200 191
